{"/Users/ngocanh/Documents/Project/Learn/Node_46/express.JS/LT-cyber-media/src/common/constant/app.constant.js": {"path":"/Users/ngocanh/Documents/Project/Learn/Node_46/express.JS/LT-cyber-media/src/common/constant/app.constant.js","statementMap":{"0":{"start":{"line":3,"column":28},"end":{"line":3,"column":52}},"1":{"start":{"line":4,"column":35},"end":{"line":4,"column":66}},"2":{"start":{"line":5,"column":36},"end":{"line":5,"column":68}},"3":{"start":{"line":7,"column":36},"end":{"line":7,"column":68}},"4":{"start":{"line":8,"column":37},"end":{"line":8,"column":70}},"5":{"start":{"line":9,"column":0},"end":{"line":15,"column":3}},"6":{"start":{"line":17,"column":2},"end":{"line":17,"column":61}}},"fnMap":{},"branchMap":{},"s":{"0":1,"1":1,"2":1,"3":1,"4":1,"5":1,"6":1},"f":{},"b":{},"_coverageSchema":"1a1c01bbd47fc00a2c39e90264f33305004495a9","hash":"1d479e375410aa99e7bca0ec865b077a41a562a5"}
,"/Users/ngocanh/Documents/Project/Learn/Node_46/express.JS/LT-cyber-media/src/common/helpers/error.helper.js": {"path":"/Users/ngocanh/Documents/Project/Learn/Node_46/express.JS/LT-cyber-media/src/common/helpers/error.helper.js","statementMap":{"0":{"start":{"line":3,"column":27},"end":{"line":18,"column":1}},"1":{"start":{"line":4,"column":2},"end":{"line":4,"column":19}},"2":{"start":{"line":9,"column":2},"end":{"line":11,"column":3}},"3":{"start":{"line":10,"column":4},"end":{"line":10,"column":19}},"4":{"start":{"line":12,"column":2},"end":{"line":14,"column":3}},"5":{"start":{"line":13,"column":4},"end":{"line":13,"column":19}},"6":{"start":{"line":16,"column":18},"end":{"line":16,"column":65}},"7":{"start":{"line":17,"column":2},"end":{"line":17,"column":41}},"8":{"start":{"line":22,"column":4},"end":{"line":22,"column":19}},"9":{"start":{"line":23,"column":4},"end":{"line":23,"column":20}},"10":{"start":{"line":28,"column":4},"end":{"line":28,"column":19}},"11":{"start":{"line":29,"column":4},"end":{"line":29,"column":20}},"12":{"start":{"line":34,"column":4},"end":{"line":34,"column":19}},"13":{"start":{"line":35,"column":4},"end":{"line":35,"column":20}}},"fnMap":{"0":{"name":"(anonymous_0)","decl":{"start":{"line":3,"column":27},"end":{"line":3,"column":28}},"loc":{"start":{"line":3,"column":52},"end":{"line":18,"column":1}},"line":3},"1":{"name":"(anonymous_1)","decl":{"start":{"line":21,"column":2},"end":{"line":21,"column":3}},"loc":{"start":{"line":21,"column":47},"end":{"line":24,"column":3}},"line":21},"2":{"name":"(anonymous_2)","decl":{"start":{"line":27,"column":2},"end":{"line":27,"column":3}},"loc":{"start":{"line":27,"column":46},"end":{"line":30,"column":3}},"line":27},"3":{"name":"(anonymous_3)","decl":{"start":{"line":33,"column":2},"end":{"line":33,"column":3}},"loc":{"start":{"line":33,"column":52},"end":{"line":36,"column":3}},"line":33}},"branchMap":{"0":{"loc":{"start":{"line":9,"column":2},"end":{"line":11,"column":3}},"type":"if","locations":[{"start":{"line":9,"column":2},"end":{"line":11,"column":3}},{"start":{},"end":{}}],"line":9},"1":{"loc":{"start":{"line":12,"column":2},"end":{"line":14,"column":3}},"type":"if","locations":[{"start":{"line":12,"column":2},"end":{"line":14,"column":3}},{"start":{},"end":{}}],"line":12},"2":{"loc":{"start":{"line":21,"column":14},"end":{"line":21,"column":45}},"type":"default-arg","locations":[{"start":{"line":21,"column":24},"end":{"line":21,"column":45}}],"line":21},"3":{"loc":{"start":{"line":27,"column":14},"end":{"line":27,"column":44}},"type":"default-arg","locations":[{"start":{"line":27,"column":24},"end":{"line":27,"column":44}}],"line":27},"4":{"loc":{"start":{"line":33,"column":14},"end":{"line":33,"column":50}},"type":"default-arg","locations":[{"start":{"line":33,"column":24},"end":{"line":33,"column":50}}],"line":33}},"s":{"0":1,"1":0,"2":0,"3":0,"4":0,"5":0,"6":0,"7":0,"8":0,"9":0,"10":0,"11":0,"12":0,"13":0},"f":{"0":0,"1":0,"2":0,"3":0},"b":{"0":[0,0],"1":[0,0],"2":[0],"3":[0],"4":[0]},"_coverageSchema":"1a1c01bbd47fc00a2c39e90264f33305004495a9","hash":"8020aaa5c6dc501ac9ef1a1645d4c199ca114406"}
,"/Users/ngocanh/Documents/Project/Learn/Node_46/express.JS/LT-cyber-media/src/common/helpers/reponse.helper.js": {"path":"/Users/ngocanh/Documents/Project/Learn/Node_46/express.JS/LT-cyber-media/src/common/helpers/reponse.helper.js","statementMap":{"0":{"start":{"line":1,"column":31},"end":{"line":14,"column":1}},"1":{"start":{"line":6,"column":2},"end":{"line":6,"column":43}},"2":{"start":{"line":6,"column":32},"end":{"line":6,"column":43}},"3":{"start":{"line":7,"column":2},"end":{"line":13,"column":4}},"4":{"start":{"line":15,"column":29},"end":{"line":27,"column":1}},"5":{"start":{"line":20,"column":2},"end":{"line":20,"column":43}},"6":{"start":{"line":20,"column":32},"end":{"line":20,"column":43}},"7":{"start":{"line":21,"column":2},"end":{"line":26,"column":4}}},"fnMap":{"0":{"name":"(anonymous_0)","decl":{"start":{"line":1,"column":31},"end":{"line":1,"column":32}},"loc":{"start":{"line":5,"column":5},"end":{"line":14,"column":1}},"line":5},"1":{"name":"(anonymous_1)","decl":{"start":{"line":15,"column":29},"end":{"line":15,"column":30}},"loc":{"start":{"line":19,"column":5},"end":{"line":27,"column":1}},"line":19}},"branchMap":{"0":{"loc":{"start":{"line":2,"column":2},"end":{"line":2,"column":17}},"type":"default-arg","locations":[{"start":{"line":2,"column":13},"end":{"line":2,"column":17}}],"line":2},"1":{"loc":{"start":{"line":3,"column":2},"end":{"line":3,"column":16}},"type":"default-arg","locations":[{"start":{"line":3,"column":12},"end":{"line":3,"column":16}}],"line":3},"2":{"loc":{"start":{"line":4,"column":2},"end":{"line":4,"column":12}},"type":"default-arg","locations":[{"start":{"line":4,"column":9},"end":{"line":4,"column":12}}],"line":4},"3":{"loc":{"start":{"line":6,"column":2},"end":{"line":6,"column":43}},"type":"if","locations":[{"start":{"line":6,"column":2},"end":{"line":6,"column":43}},{"start":{},"end":{}}],"line":6},"4":{"loc":{"start":{"line":16,"column":2},"end":{"line":16,"column":35}},"type":"default-arg","locations":[{"start":{"line":16,"column":12},"end":{"line":16,"column":35}}],"line":16},"5":{"loc":{"start":{"line":17,"column":2},"end":{"line":17,"column":12}},"type":"default-arg","locations":[{"start":{"line":17,"column":9},"end":{"line":17,"column":12}}],"line":17},"6":{"loc":{"start":{"line":18,"column":2},"end":{"line":18,"column":14}},"type":"default-arg","locations":[{"start":{"line":18,"column":10},"end":{"line":18,"column":14}}],"line":18},"7":{"loc":{"start":{"line":20,"column":2},"end":{"line":20,"column":43}},"type":"if","locations":[{"start":{"line":20,"column":2},"end":{"line":20,"column":43}},{"start":{},"end":{}}],"line":20}},"s":{"0":1,"1":0,"2":0,"3":0,"4":1,"5":0,"6":0,"7":0},"f":{"0":0,"1":0},"b":{"0":[0],"1":[0],"2":[0],"3":[0,0],"4":[0],"5":[0],"6":[0],"7":[0,0]},"_coverageSchema":"1a1c01bbd47fc00a2c39e90264f33305004495a9","hash":"5cb85f8a8e3d546d3b1d324e7e199d53cf66271a"}
,"/Users/ngocanh/Documents/Project/Learn/Node_46/express.JS/LT-cyber-media/src/common/nodemailer/send-mail.nodemailer.js": {"path":"/Users/ngocanh/Documents/Project/Learn/Node_46/express.JS/LT-cyber-media/src/common/nodemailer/send-mail.nodemailer.js","statementMap":{"0":{"start":{"line":3,"column":20},"end":{"line":11,"column":2}},"1":{"start":{"line":16,"column":15},"end":{"line":22,"column":4}},"2":{"start":{"line":24,"column":2},"end":{"line":24,"column":50}}},"fnMap":{"0":{"name":"sendMail","decl":{"start":{"line":14,"column":15},"end":{"line":14,"column":23}},"loc":{"start":{"line":14,"column":31},"end":{"line":26,"column":1}},"line":14}},"branchMap":{},"s":{"0":1,"1":2,"2":0},"f":{"0":2},"b":{},"_coverageSchema":"1a1c01bbd47fc00a2c39e90264f33305004495a9","hash":"95798db83ff7c89ecee591d3e09cd012e6ccb32c"}
,"/Users/ngocanh/Documents/Project/Learn/Node_46/express.JS/LT-cyber-media/src/common/prisma/init.prisma.js": {"path":"/Users/ngocanh/Documents/Project/Learn/Node_46/express.JS/LT-cyber-media/src/common/prisma/init.prisma.js","statementMap":{"0":{"start":{"line":3,"column":15},"end":{"line":3,"column":33}}},"fnMap":{},"branchMap":{},"s":{"0":1},"f":{},"b":{},"_coverageSchema":"1a1c01bbd47fc00a2c39e90264f33305004495a9","hash":"940461aad7aa0ebcb57cfd515b7d112efdcb122c"}
,"/Users/ngocanh/Documents/Project/Learn/Node_46/express.JS/LT-cyber-media/src/services/auth.service.js": {"path":"/Users/ngocanh/Documents/Project/Learn/Node_46/express.JS/LT-cyber-media/src/services/auth.service.js","statementMap":{"0":{"start":{"line":15,"column":20},"end":{"line":179,"column":1}},"1":{"start":{"line":18,"column":44},"end":{"line":18,"column":52}},"2":{"start":{"line":21,"column":23},"end":{"line":25,"column":6}},"3":{"start":{"line":27,"column":4},"end":{"line":29,"column":5}},"4":{"start":{"line":28,"column":6},"end":{"line":28,"column":79}},"5":{"start":{"line":31,"column":21},"end":{"line":31,"column":51}},"6":{"start":{"line":36,"column":4},"end":{"line":38,"column":7}},"7":{"start":{"line":41,"column":20},"end":{"line":47,"column":6}},"8":{"start":{"line":50,"column":4},"end":{"line":50,"column":29}},"9":{"start":{"line":55,"column":4},"end":{"line":57,"column":7}},"10":{"start":{"line":60,"column":4},"end":{"line":60,"column":19}},"11":{"start":{"line":63,"column":33},"end":{"line":63,"column":41}},"12":{"start":{"line":66,"column":23},"end":{"line":70,"column":6}},"13":{"start":{"line":71,"column":4},"end":{"line":73,"column":5}},"14":{"start":{"line":72,"column":6},"end":{"line":72,"column":80}},"15":{"start":{"line":74,"column":4},"end":{"line":88,"column":5}},"16":{"start":{"line":75,"column":6},"end":{"line":79,"column":7}},"17":{"start":{"line":76,"column":8},"end":{"line":78,"column":10}},"18":{"start":{"line":80,"column":6},"end":{"line":87,"column":7}},"19":{"start":{"line":81,"column":8},"end":{"line":83,"column":10}},"20":{"start":{"line":84,"column":8},"end":{"line":86,"column":10}},"21":{"start":{"line":90,"column":23},"end":{"line":90,"column":74}},"22":{"start":{"line":91,"column":4},"end":{"line":95,"column":5}},"23":{"start":{"line":92,"column":6},"end":{"line":94,"column":8}},"24":{"start":{"line":96,"column":19},"end":{"line":96,"column":63}},"25":{"start":{"line":97,"column":4},"end":{"line":97,"column":18}},"26":{"start":{"line":102,"column":41},"end":{"line":102,"column":49}},"27":{"start":{"line":103,"column":19},"end":{"line":103,"column":35}},"28":{"start":{"line":106,"column":21},"end":{"line":110,"column":6}},"29":{"start":{"line":111,"column":4},"end":{"line":121,"column":5}},"30":{"start":{"line":113,"column":6},"end":{"line":120,"column":9}},"31":{"start":{"line":122,"column":19},"end":{"line":122,"column":63}},"32":{"start":{"line":123,"column":4},"end":{"line":123,"column":18}},"33":{"start":{"line":126,"column":25},"end":{"line":126,"column":65}},"34":{"start":{"line":128,"column":4},"end":{"line":132,"column":5}},"35":{"start":{"line":129,"column":6},"end":{"line":131,"column":8}},"36":{"start":{"line":133,"column":24},"end":{"line":133,"column":53}},"37":{"start":{"line":134,"column":4},"end":{"line":138,"column":5}},"38":{"start":{"line":135,"column":6},"end":{"line":137,"column":8}},"39":{"start":{"line":140,"column":31},"end":{"line":140,"column":77}},"40":{"start":{"line":141,"column":30},"end":{"line":143,"column":6}},"41":{"start":{"line":150,"column":4},"end":{"line":152,"column":5}},"42":{"start":{"line":151,"column":6},"end":{"line":151,"column":67}},"43":{"start":{"line":154,"column":22},"end":{"line":158,"column":6}},"44":{"start":{"line":159,"column":4},"end":{"line":159,"column":77}},"45":{"start":{"line":159,"column":20},"end":{"line":159,"column":77}},"46":{"start":{"line":161,"column":19},"end":{"line":161,"column":62}},"47":{"start":{"line":163,"column":4},"end":{"line":163,"column":18}},"48":{"start":{"line":167,"column":4},"end":{"line":167,"column":79}},"49":{"start":{"line":167,"column":17},"end":{"line":167,"column":79}},"50":{"start":{"line":168,"column":24},"end":{"line":170,"column":6}},"51":{"start":{"line":171,"column":25},"end":{"line":173,"column":6}},"52":{"start":{"line":174,"column":4},"end":{"line":177,"column":6}}},"fnMap":{"0":{"name":"(anonymous_0)","decl":{"start":{"line":16,"column":12},"end":{"line":16,"column":13}},"loc":{"start":{"line":16,"column":27},"end":{"line":61,"column":3}},"line":16},"1":{"name":"(anonymous_1)","decl":{"start":{"line":36,"column":47},"end":{"line":36,"column":48}},"loc":{"start":{"line":36,"column":56},"end":{"line":38,"column":5}},"line":36},"2":{"name":"(anonymous_2)","decl":{"start":{"line":55,"column":46},"end":{"line":55,"column":47}},"loc":{"start":{"line":55,"column":55},"end":{"line":57,"column":5}},"line":55},"3":{"name":"(anonymous_3)","decl":{"start":{"line":62,"column":9},"end":{"line":62,"column":10}},"loc":{"start":{"line":62,"column":24},"end":{"line":98,"column":3}},"line":62},"4":{"name":"(anonymous_4)","decl":{"start":{"line":101,"column":17},"end":{"line":101,"column":18}},"loc":{"start":{"line":101,"column":32},"end":{"line":124,"column":3}},"line":101},"5":{"name":"(anonymous_5)","decl":{"start":{"line":125,"column":16},"end":{"line":125,"column":17}},"loc":{"start":{"line":125,"column":31},"end":{"line":164,"column":3}},"line":125},"6":{"name":"(anonymous_6)","decl":{"start":{"line":166,"column":16},"end":{"line":166,"column":17}},"loc":{"start":{"line":166,"column":28},"end":{"line":178,"column":3}},"line":166}},"branchMap":{"0":{"loc":{"start":{"line":27,"column":4},"end":{"line":29,"column":5}},"type":"if","locations":[{"start":{"line":27,"column":4},"end":{"line":29,"column":5}},{"start":{},"end":{}}],"line":27},"1":{"loc":{"start":{"line":71,"column":4},"end":{"line":73,"column":5}},"type":"if","locations":[{"start":{"line":71,"column":4},"end":{"line":73,"column":5}},{"start":{},"end":{}}],"line":71},"2":{"loc":{"start":{"line":74,"column":4},"end":{"line":88,"column":5}},"type":"if","locations":[{"start":{"line":74,"column":4},"end":{"line":88,"column":5}},{"start":{},"end":{}}],"line":74},"3":{"loc":{"start":{"line":75,"column":6},"end":{"line":79,"column":7}},"type":"if","locations":[{"start":{"line":75,"column":6},"end":{"line":79,"column":7}},{"start":{},"end":{}}],"line":75},"4":{"loc":{"start":{"line":80,"column":6},"end":{"line":87,"column":7}},"type":"if","locations":[{"start":{"line":80,"column":6},"end":{"line":87,"column":7}},{"start":{},"end":{}}],"line":80},"5":{"loc":{"start":{"line":91,"column":4},"end":{"line":95,"column":5}},"type":"if","locations":[{"start":{"line":91,"column":4},"end":{"line":95,"column":5}},{"start":{},"end":{}}],"line":91},"6":{"loc":{"start":{"line":111,"column":4},"end":{"line":121,"column":5}},"type":"if","locations":[{"start":{"line":111,"column":4},"end":{"line":121,"column":5}},{"start":{},"end":{}}],"line":111},"7":{"loc":{"start":{"line":128,"column":4},"end":{"line":132,"column":5}},"type":"if","locations":[{"start":{"line":128,"column":4},"end":{"line":132,"column":5}},{"start":{},"end":{}}],"line":128},"8":{"loc":{"start":{"line":134,"column":4},"end":{"line":138,"column":5}},"type":"if","locations":[{"start":{"line":134,"column":4},"end":{"line":138,"column":5}},{"start":{},"end":{}}],"line":134},"9":{"loc":{"start":{"line":150,"column":4},"end":{"line":152,"column":5}},"type":"if","locations":[{"start":{"line":150,"column":4},"end":{"line":152,"column":5}},{"start":{},"end":{}}],"line":150},"10":{"loc":{"start":{"line":159,"column":4},"end":{"line":159,"column":77}},"type":"if","locations":[{"start":{"line":159,"column":4},"end":{"line":159,"column":77}},{"start":{},"end":{}}],"line":159},"11":{"loc":{"start":{"line":167,"column":4},"end":{"line":167,"column":79}},"type":"if","locations":[{"start":{"line":167,"column":4},"end":{"line":167,"column":79}},{"start":{},"end":{}}],"line":167}},"s":{"0":1,"1":1,"2":1,"3":1,"4":0,"5":1,"6":1,"7":1,"8":1,"9":1,"10":1,"11":0,"12":0,"13":0,"14":0,"15":0,"16":0,"17":0,"18":0,"19":0,"20":0,"21":0,"22":0,"23":0,"24":0,"25":0,"26":0,"27":0,"28":0,"29":0,"30":0,"31":0,"32":0,"33":0,"34":0,"35":0,"36":0,"37":0,"38":0,"39":0,"40":0,"41":0,"42":0,"43":0,"44":0,"45":0,"46":0,"47":0,"48":0,"49":0,"50":0,"51":0,"52":0},"f":{"0":1,"1":0,"2":0,"3":0,"4":0,"5":0,"6":0},"b":{"0":[0,1],"1":[0,0],"2":[0,0],"3":[0,0],"4":[0,0],"5":[0,0],"6":[0,0],"7":[0,0],"8":[0,0],"9":[0,0],"10":[0,0],"11":[0,0]},"_coverageSchema":"1a1c01bbd47fc00a2c39e90264f33305004495a9","hash":"7dc5a9c3d698ee1165a75d2844840a8b50d82288"}
}
