TN:
SF:src/common/constant/app.constant.js
FNF:0
FNH:0
DA:3,1
DA:4,1
DA:5,1
DA:7,1
DA:8,1
DA:9,1
DA:17,1
LF:7
LH:7
BRF:0
BRH:0
end_of_record
TN:
SF:src/common/helpers/error.helper.js
FN:3,(anonymous_0)
FN:21,(anonymous_1)
FN:27,(anonymous_2)
FN:33,(anonymous_3)
FNF:4
FNH:0
FNDA:0,(anonymous_0)
FNDA:0,(anonymous_1)
FNDA:0,(anonymous_2)
FNDA:0,(anonymous_3)
DA:3,1
DA:4,0
DA:9,0
DA:10,0
DA:12,0
DA:13,0
DA:16,0
DA:17,0
DA:22,0
DA:23,0
DA:28,0
DA:29,0
DA:34,0
DA:35,0
LF:14
LH:1
BRDA:9,0,0,0
BRDA:9,0,1,0
BRDA:12,1,0,0
BRDA:12,1,1,0
BRDA:21,2,0,0
BRDA:27,3,0,0
BRDA:33,4,0,0
BRF:7
BRH:0
end_of_record
TN:
SF:src/common/helpers/reponse.helper.js
FN:1,(anonymous_0)
FN:15,(anonymous_1)
FNF:2
FNH:0
FNDA:0,(anonymous_0)
FNDA:0,(anonymous_1)
DA:1,1
DA:6,0
DA:7,0
DA:15,1
DA:20,0
DA:21,0
LF:6
LH:2
BRDA:2,0,0,0
BRDA:3,1,0,0
BRDA:4,2,0,0
BRDA:6,3,0,0
BRDA:6,3,1,0
BRDA:16,4,0,0
BRDA:17,5,0,0
BRDA:18,6,0,0
BRDA:20,7,0,0
BRDA:20,7,1,0
BRF:10
BRH:0
end_of_record
TN:
SF:src/common/nodemailer/send-mail.nodemailer.js
FN:14,sendMail
FNF:1
FNH:1
FNDA:2,sendMail
DA:3,1
DA:16,2
DA:24,0
LF:3
LH:2
BRF:0
BRH:0
end_of_record
TN:
SF:src/common/prisma/init.prisma.js
FNF:0
FNH:0
DA:3,1
LF:1
LH:1
BRF:0
BRH:0
end_of_record
TN:
SF:src/services/auth.service.js
FN:16,(anonymous_0)
FN:36,(anonymous_1)
FN:55,(anonymous_2)
FN:62,(anonymous_3)
FN:101,(anonymous_4)
FN:125,(anonymous_5)
FN:166,(anonymous_6)
FNF:7
FNH:1
FNDA:1,(anonymous_0)
FNDA:0,(anonymous_1)
FNDA:0,(anonymous_2)
FNDA:0,(anonymous_3)
FNDA:0,(anonymous_4)
FNDA:0,(anonymous_5)
FNDA:0,(anonymous_6)
DA:15,1
DA:18,1
DA:21,1
DA:27,1
DA:28,0
DA:31,1
DA:36,1
DA:41,1
DA:50,1
DA:55,1
DA:60,1
DA:63,0
DA:66,0
DA:71,0
DA:72,0
DA:74,0
DA:75,0
DA:76,0
DA:80,0
DA:81,0
DA:84,0
DA:90,0
DA:91,0
DA:92,0
DA:96,0
DA:97,0
DA:102,0
DA:103,0
DA:106,0
DA:111,0
DA:113,0
DA:122,0
DA:123,0
DA:126,0
DA:128,0
DA:129,0
DA:133,0
DA:134,0
DA:135,0
DA:140,0
DA:141,0
DA:150,0
DA:151,0
DA:154,0
DA:159,0
DA:161,0
DA:163,0
DA:167,0
DA:168,0
DA:171,0
DA:174,0
LF:51
LH:10
BRDA:27,0,0,0
BRDA:27,0,1,1
BRDA:71,1,0,0
BRDA:71,1,1,0
BRDA:74,2,0,0
BRDA:74,2,1,0
BRDA:75,3,0,0
BRDA:75,3,1,0
BRDA:80,4,0,0
BRDA:80,4,1,0
BRDA:91,5,0,0
BRDA:91,5,1,0
BRDA:111,6,0,0
BRDA:111,6,1,0
BRDA:128,7,0,0
BRDA:128,7,1,0
BRDA:134,8,0,0
BRDA:134,8,1,0
BRDA:150,9,0,0
BRDA:150,9,1,0
BRDA:159,10,0,0
BRDA:159,10,1,0
BRDA:167,11,0,0
BRDA:167,11,1,0
BRF:24
BRH:1
end_of_record
